<?xml version="1.0" encoding="UTF-8"?>
<TestRun id="2e371ad6-ff3a-4c47-a547-32c40e25819a" name="Robert Schultz@SCHULTZWIN01 2011-03-10 23:38:22" runUser="SCHULTZWIN01\Robert Schultz" xmlns="http://microsoft.com/schemas/VisualStudio/TeamTest/2010">
  <TestSettings name="Trace and Test Impact" id="07a607dc-2bdd-4434-9272-e4a279b071f4">
    <Description>These are test settings for Trace and Test Impact.</Description>
    <Deployment runDeploymentRoot="Robert Schultz_SCHULTZWIN01 2011-03-10 23_38_22">
      <DeploymentItem filename="C:\Development\Mongrala\Assemblies\Moq.dll" />
    </Deployment>
    <Execution>
      <TestTypeSpecific />
      <AgentRule name="Execution Agents">
        <DataCollectors>
          <DataCollector uri="datacollector://microsoft/SystemInfo/1.0" assemblyQualifiedName="Microsoft.VisualStudio.TestTools.DataCollection.SystemInfo.SystemInfoDataCollector, Microsoft.VisualStudio.TestTools.DataCollection.SystemInfo, Version=10.0.0.0, Culture=neutral, PublicKeyToken=b03f5f7f11d50a3a" friendlyName="System Information">
          </DataCollector>
          <DataCollector uri="datacollector://microsoft/ActionLog/1.0" assemblyQualifiedName="Microsoft.VisualStudio.TestTools.ManualTest.ActionLog.ActionLogPlugin, Microsoft.VisualStudio.TestTools.ManualTest.ActionLog, Version=10.0.0.0, Culture=neutral, PublicKeyToken=b03f5f7f11d50a3a" friendlyName="Actions">
          </DataCollector>
          <DataCollector uri="datacollector://microsoft/HttpProxy/1.0" assemblyQualifiedName="Microsoft.VisualStudio.TraceCollector.HttpProxyCollector, Microsoft.VisualStudio.TraceCollector, Version=10.0.0.0, Culture=neutral, PublicKeyToken=b03f5f7f11d50a3a" friendlyName="ASP.NET Client Proxy for IntelliTrace and Test Impact">
          </DataCollector>
          <DataCollector uri="datacollector://microsoft/TestImpact/1.0" assemblyQualifiedName="Microsoft.VisualStudio.TraceCollector.TestImpactDataCollector, Microsoft.VisualStudio.TraceCollector, Version=10.0.0.0, Culture=neutral, PublicKeyToken=b03f5f7f11d50a3a" friendlyName="Test Impact">
          </DataCollector>
          <DataCollector uri="datacollector://microsoft/TraceDebugger/1.0" assemblyQualifiedName="Microsoft.VisualStudio.TraceCollector.TraceDebuggerDataCollector, Microsoft.VisualStudio.TraceCollector, Version=10.0.0.0, Culture=neutral, PublicKeyToken=b03f5f7f11d50a3a" friendlyName="IntelliTrace">
          </DataCollector>
        </DataCollectors>
      </AgentRule>
    </Execution>
  </TestSettings>
  <Times creation="2011-03-10T23:38:22.6076598-08:00" queuing="2011-03-10T23:38:25.9598515-08:00" start="2011-03-10T23:38:35.6864078-08:00" finish="2011-03-10T23:38:41.6347481-08:00" />
  <ResultSummary outcome="Completed">
    <Counters total="1" executed="1" passed="1" error="0" failed="0" timeout="0" aborted="0" inconclusive="0" passedButRunAborted="0" notRunnable="0" notExecuted="0" disconnected="0" warning="0" completed="0" inProgress="0" pending="0" />
    <CollectorDataEntries>
      <Collector agentName="SCHULTZWIN01" uri="datacollector://microsoft/SystemInfo/1.0" collectorDisplayName="System Information">
        <UriAttachments>
          <UriAttachment>
            <A href="SCHULTZWIN01\SystemInformation.xml">System Information from SCHULTZWIN01</A>
          </UriAttachment>
        </UriAttachments>
      </Collector>
    </CollectorDataEntries>
  </ResultSummary>
  <TestDefinitions>
    <UnitTest name="TestMethod1" storage="c:\development\mongrala\mongrala.web.frontend.unittests\bin\debug\mongrala.web.frontend.unittests.dll" id="f8a149c9-ab03-c6df-c1e1-9a958686c7c0">
      <Execution id="88ece4ec-6030-4b57-ad7a-110c6c3ab7ba" />
      <TestMethod codeBase="C:/Development/Mongrala/Mongrala.Web.Frontend.UnitTests/bin/Debug/Mongrala.Web.Frontend.UnitTests.DLL" adapterTypeName="Microsoft.VisualStudio.TestTools.TestTypes.Unit.UnitTestAdapter, Microsoft.VisualStudio.QualityTools.Tips.UnitTest.Adapter, Version=10.0.0.0, Culture=neutral, PublicKeyToken=b03f5f7f11d50a3a" className="Mongrala.Web.Frontend.UnitTests.Controllers.HomeControllerTests, Mongrala.Web.Frontend.UnitTests, Version=1.0.0.0, Culture=neutral, PublicKeyToken=null" name="TestMethod1" />
    </UnitTest>
  </TestDefinitions>
  <TestLists>
    <TestList name="Results Not in a List" id="8c84fa94-04c1-424b-9868-57a2d4851a1d" />
    <TestList name="All Loaded Results" id="19431567-8539-422a-85d7-44ee4e166bda" />
  </TestLists>
  <TestEntries>
    <TestEntry testId="f8a149c9-ab03-c6df-c1e1-9a958686c7c0" executionId="88ece4ec-6030-4b57-ad7a-110c6c3ab7ba" testListId="8c84fa94-04c1-424b-9868-57a2d4851a1d" />
  </TestEntries>
  <Results>
    <UnitTestResult executionId="88ece4ec-6030-4b57-ad7a-110c6c3ab7ba" testId="f8a149c9-ab03-c6df-c1e1-9a958686c7c0" testName="TestMethod1" computerName="SCHULTZWIN01" duration="00:00:00.0173032" startTime="2011-03-10T23:38:36.0684297-08:00" endTime="2011-03-10T23:38:37.0434855-08:00" testType="13cdc9d9-ddb5-4fa4-a97d-d965ccfc6d4b" outcome="Passed" testListId="8c84fa94-04c1-424b-9868-57a2d4851a1d" relativeResultsDirectory="88ece4ec-6030-4b57-ad7a-110c6c3ab7ba">
      <CollectorDataEntries>
        <Collector agentName="SCHULTZWIN01" uri="datacollector://microsoft/SystemInfo/1.0" collectorDisplayName="System Information">
          <UriAttachments>
            <UriAttachment>
              <A href="SCHULTZWIN01\SystemInformation.xml">System Information from SCHULTZWIN01</A>
            </UriAttachment>
          </UriAttachments>
        </Collector>
        <Collector agentName="SCHULTZWIN01" uri="datacollector://microsoft/TestImpact/1.0" collectorDisplayName="Test Impact">
          <UriAttachments>
            <UriAttachment>
              <A href="SCHULTZWIN01\testimpact.xml">Test Impact Data</A>
            </UriAttachment>
          </UriAttachments>
        </Collector>
      </CollectorDataEntries>
    </UnitTestResult>
  </Results>
</TestRun>